Started GET "/" for ::1 at 2019-07-04 01:50:06 +0200
Processing by Rails::WelcomeController#index as HTML
  Rendering /var/lib/gems/2.5.0/gems/railties-5.2.3/lib/rails/templates/rails/welcome/index.html.erb
  Rendered /var/lib/gems/2.5.0/gems/railties-5.2.3/lib/rails/templates/rails/welcome/index.html.erb (5.4ms)
Completed 200 OK in 23ms (Views: 15.1ms | ActiveRecord: 0.0ms)


Started GET "/" for ::1 at 2019-07-04 02:10:46 +0200
  
SyntaxError (/home/jupcan/Documentos/github/ruby-test/blog/config/routes.rb:2: syntax error, unexpected end-of-input, expecting keyword_end
  root 'posts#index'
                    ^):
  
config/routes.rb:2: syntax error, unexpected end-of-input, expecting keyword_end
Started GET "/" for ::1 at 2019-07-04 02:11:03 +0200
Processing by PostsController#index as HTML
  Rendering posts/index.html.erb within layouts/application
  Rendered posts/index.html.erb within layouts/application (0.4ms)
Completed 200 OK in 1618ms (Views: 1616.1ms | ActiveRecord: 0.0ms)


Started GET "/about" for ::1 at 2019-07-04 02:14:14 +0200
  
ActionController::RoutingError (No route matches [GET] "/about"):
  
actionpack (5.2.3) lib/action_dispatch/middleware/debug_exceptions.rb:65:in `call'
web-console (3.7.0) lib/web_console/middleware.rb:135:in `call_app'
web-console (3.7.0) lib/web_console/middleware.rb:30:in `block in call'
web-console (3.7.0) lib/web_console/middleware.rb:20:in `catch'
web-console (3.7.0) lib/web_console/middleware.rb:20:in `call'
actionpack (5.2.3) lib/action_dispatch/middleware/show_exceptions.rb:33:in `call'
railties (5.2.3) lib/rails/rack/logger.rb:38:in `call_app'
railties (5.2.3) lib/rails/rack/logger.rb:26:in `block in call'
activesupport (5.2.3) lib/active_support/tagged_logging.rb:71:in `block in tagged'
activesupport (5.2.3) lib/active_support/tagged_logging.rb:28:in `tagged'
activesupport (5.2.3) lib/active_support/tagged_logging.rb:71:in `tagged'
railties (5.2.3) lib/rails/rack/logger.rb:26:in `call'
sprockets-rails (3.2.1) lib/sprockets/rails/quiet_assets.rb:13:in `call'
actionpack (5.2.3) lib/action_dispatch/middleware/remote_ip.rb:81:in `call'
actionpack (5.2.3) lib/action_dispatch/middleware/request_id.rb:27:in `call'
rack (2.0.7) lib/rack/method_override.rb:22:in `call'
rack (2.0.7) lib/rack/runtime.rb:22:in `call'
activesupport (5.2.3) lib/active_support/cache/strategy/local_cache_middleware.rb:29:in `call'
actionpack (5.2.3) lib/action_dispatch/middleware/executor.rb:14:in `call'
actionpack (5.2.3) lib/action_dispatch/middleware/static.rb:127:in `call'
rack (2.0.7) lib/rack/sendfile.rb:111:in `call'
railties (5.2.3) lib/rails/engine.rb:524:in `call'
puma (3.12.1) lib/puma/configuration.rb:227:in `call'
puma (3.12.1) lib/puma/server.rb:660:in `handle_request'
puma (3.12.1) lib/puma/server.rb:474:in `process_client'
puma (3.12.1) lib/puma/server.rb:334:in `block in run'
puma (3.12.1) lib/puma/thread_pool.rb:135:in `block in spawn_thread'
Started GET "/about" for ::1 at 2019-07-04 02:15:30 +0200
Processing by PagesController#about as HTML
  Rendering pages/about.html.erb within layouts/application
  Rendered pages/about.html.erb within layouts/application (0.3ms)
Completed 200 OK in 91ms (Views: 90.2ms | ActiveRecord: 0.0ms)


Started GET "/about" for ::1 at 2019-07-04 02:17:15 +0200
Processing by PagesController#about as HTML
  Rendering pages/about.html.erb within layouts/application
  Rendered pages/about.html.erb within layouts/application (0.2ms)
Completed 200 OK in 46ms (Views: 44.9ms | ActiveRecord: 0.0ms)


Started GET "/" for ::1 at 2019-07-04 02:17:17 +0200
Processing by PostsController#index as HTML
  Rendering posts/index.html.erb within layouts/application
  Rendered posts/index.html.erb within layouts/application (0.5ms)
Completed 200 OK in 25ms (Views: 23.1ms | ActiveRecord: 0.0ms)


Started GET "/" for ::1 at 2019-07-04 02:19:31 +0200
Processing by PostsController#index as HTML
  Rendering posts/index.html.erb within layouts/application
  Rendered posts/index.html.erb within layouts/application (0.4ms)
Completed 200 OK in 26ms (Views: 21.3ms | ActiveRecord: 0.0ms)


Started GET "/about" for ::1 at 2019-07-04 02:19:35 +0200
Processing by PagesController#about as HTML
  Rendering pages/about.html.erb within layouts/application
  Rendered pages/about.html.erb within layouts/application (0.3ms)
Completed 200 OK in 31ms (Views: 29.4ms | ActiveRecord: 0.0ms)


Started GET "/about" for ::1 at 2019-07-04 02:21:36 +0200
Processing by PagesController#about as HTML
  Rendering pages/about.html.erb within layouts/application
  Rendered pages/about.html.erb within layouts/application (0.3ms)
Completed 200 OK in 26ms (Views: 24.8ms | ActiveRecord: 0.0ms)


Started GET "/about" for ::1 at 2019-07-04 02:26:49 +0200
Processing by PagesController#about as HTML
  Rendering pages/about.html.erb within layouts/application
  Rendered pages/about.html.erb within layouts/application (0.4ms)
Completed 200 OK in 23ms (Views: 21.2ms | ActiveRecord: 0.0ms)


Started GET "/" for ::1 at 2019-07-08 00:08:12 +0200
Processing by PostsController#index as HTML
  Rendering posts/index.html.erb within layouts/application
  Rendered posts/index.html.erb within layouts/application (0.8ms)
Completed 200 OK in 239ms (Views: 233.7ms | ActiveRecord: 0.0ms)


Started GET "/about" for ::1 at 2019-07-08 00:11:49 +0200
Processing by PagesController#about as HTML
  Rendering pages/about.html.erb within layouts/application
  Rendered pages/about.html.erb within layouts/application (0.4ms)
Completed 200 OK in 41ms (Views: 39.6ms | ActiveRecord: 0.0ms)


Started GET "/posts" for ::1 at 2019-07-08 00:16:09 +0200
  
AbstractController::ActionNotFound (The action 'show' could not be found for PostsController):
  
actionpack (5.2.3) lib/abstract_controller/base.rb:129:in `process'
actionview (5.2.3) lib/action_view/rendering.rb:32:in `process'
actionpack (5.2.3) lib/action_controller/metal.rb:191:in `dispatch'
actionpack (5.2.3) lib/action_controller/metal.rb:252:in `dispatch'
actionpack (5.2.3) lib/action_dispatch/routing/route_set.rb:52:in `dispatch'
actionpack (5.2.3) lib/action_dispatch/routing/route_set.rb:34:in `serve'
actionpack (5.2.3) lib/action_dispatch/journey/router.rb:52:in `block in serve'
actionpack (5.2.3) lib/action_dispatch/journey/router.rb:35:in `each'
actionpack (5.2.3) lib/action_dispatch/journey/router.rb:35:in `serve'
actionpack (5.2.3) lib/action_dispatch/routing/route_set.rb:840:in `call'
rack (2.0.7) lib/rack/tempfile_reaper.rb:15:in `call'
rack (2.0.7) lib/rack/etag.rb:25:in `call'
rack (2.0.7) lib/rack/conditional_get.rb:25:in `call'
rack (2.0.7) lib/rack/head.rb:12:in `call'
actionpack (5.2.3) lib/action_dispatch/http/content_security_policy.rb:18:in `call'
rack (2.0.7) lib/rack/session/abstract/id.rb:232:in `context'
rack (2.0.7) lib/rack/session/abstract/id.rb:226:in `call'
actionpack (5.2.3) lib/action_dispatch/middleware/cookies.rb:670:in `call'
activerecord (5.2.3) lib/active_record/migration.rb:559:in `call'
actionpack (5.2.3) lib/action_dispatch/middleware/callbacks.rb:28:in `block in call'
activesupport (5.2.3) lib/active_support/callbacks.rb:98:in `run_callbacks'
actionpack (5.2.3) lib/action_dispatch/middleware/callbacks.rb:26:in `call'
actionpack (5.2.3) lib/action_dispatch/middleware/executor.rb:14:in `call'
actionpack (5.2.3) lib/action_dispatch/middleware/debug_exceptions.rb:61:in `call'
web-console (3.7.0) lib/web_console/middleware.rb:135:in `call_app'
web-console (3.7.0) lib/web_console/middleware.rb:30:in `block in call'
web-console (3.7.0) lib/web_console/middleware.rb:20:in `catch'
web-console (3.7.0) lib/web_console/middleware.rb:20:in `call'
actionpack (5.2.3) lib/action_dispatch/middleware/show_exceptions.rb:33:in `call'
railties (5.2.3) lib/rails/rack/logger.rb:38:in `call_app'
railties (5.2.3) lib/rails/rack/logger.rb:26:in `block in call'
activesupport (5.2.3) lib/active_support/tagged_logging.rb:71:in `block in tagged'
activesupport (5.2.3) lib/active_support/tagged_logging.rb:28:in `tagged'
activesupport (5.2.3) lib/active_support/tagged_logging.rb:71:in `tagged'
railties (5.2.3) lib/rails/rack/logger.rb:26:in `call'
sprockets-rails (3.2.1) lib/sprockets/rails/quiet_assets.rb:13:in `call'
actionpack (5.2.3) lib/action_dispatch/middleware/remote_ip.rb:81:in `call'
actionpack (5.2.3) lib/action_dispatch/middleware/request_id.rb:27:in `call'
rack (2.0.7) lib/rack/method_override.rb:22:in `call'
rack (2.0.7) lib/rack/runtime.rb:22:in `call'
activesupport (5.2.3) lib/active_support/cache/strategy/local_cache_middleware.rb:29:in `call'
actionpack (5.2.3) lib/action_dispatch/middleware/executor.rb:14:in `call'
actionpack (5.2.3) lib/action_dispatch/middleware/static.rb:127:in `call'
rack (2.0.7) lib/rack/sendfile.rb:111:in `call'
railties (5.2.3) lib/rails/engine.rb:524:in `call'
puma (3.12.1) lib/puma/configuration.rb:227:in `call'
puma (3.12.1) lib/puma/server.rb:660:in `handle_request'
puma (3.12.1) lib/puma/server.rb:474:in `process_client'
puma (3.12.1) lib/puma/server.rb:334:in `block in run'
puma (3.12.1) lib/puma/thread_pool.rb:135:in `block in spawn_thread'
Started GET "/posts/new" for ::1 at 2019-07-08 00:16:14 +0200
Processing by PostsController#new as HTML
  Rendering posts/new.html.erb within layouts/application
  Rendered posts/new.html.erb within layouts/application (0.3ms)
Completed 200 OK in 21ms (Views: 20.2ms | ActiveRecord: 0.0ms)


Started GET "/posts/new" for ::1 at 2019-07-08 00:20:48 +0200
Processing by PostsController#new as HTML
  Rendering posts/new.html.erb within layouts/application
  Rendered posts/new.html.erb within layouts/application (0.6ms)
Completed 500 Internal Server Error in 3ms (ActiveRecord: 0.0ms)


  
SyntaxError (/home/jupcan/Documentos/github/ruby-test/blog/app/views/posts/new.html.erb:2: syntax error, unexpected keyword_do_block, expecting &. or :: or '[' or '.'
...uffer.append= form for :post do |k|@output_buffer.safe_appen...
...                             ^~
/home/jupcan/Documentos/github/ruby-test/blog/app/views/posts/new.html.erb:14: syntax error, unexpected keyword_end
...eeze;@output_buffer.append=(end);
...                            ^~~
/home/jupcan/Documentos/github/ruby-test/blog/app/views/posts/new.html.erb:17: syntax error, unexpected keyword_ensure, expecting ')'
          ensure
          ^~~~~~
/home/jupcan/Documentos/github/ruby-test/blog/app/views/posts/new.html.erb:19: syntax error, unexpected keyword_end, expecting ')'
          end
          ^~~):
  
app/views/posts/new.html.erb:2: syntax error, unexpected keyword_do_block, expecting &. or :: or '[' or '.'
app/views/posts/new.html.erb:14: syntax error, unexpected keyword_end
app/views/posts/new.html.erb:17: syntax error, unexpected keyword_ensure, expecting ')'
app/views/posts/new.html.erb:19: syntax error, unexpected keyword_end, expecting ')'
Started GET "/posts/new" for ::1 at 2019-07-08 00:21:35 +0200
Processing by PostsController#new as HTML
  Rendering posts/new.html.erb within layouts/application
  Rendered posts/new.html.erb within layouts/application (0.7ms)
Completed 500 Internal Server Error in 5ms (ActiveRecord: 0.0ms)


  
SyntaxError (/home/jupcan/Documentos/github/ruby-test/blog/app/views/posts/new.html.erb:14: syntax error, unexpected keyword_end
...eeze;@output_buffer.append=(end);
...                            ^~~
/home/jupcan/Documentos/github/ruby-test/blog/app/views/posts/new.html.erb:17: syntax error, unexpected keyword_ensure, expecting ')'
          ensure
          ^~~~~~
/home/jupcan/Documentos/github/ruby-test/blog/app/views/posts/new.html.erb:19: syntax error, unexpected keyword_end, expecting ')'
          end
          ^~~):
  
app/views/posts/new.html.erb:14: syntax error, unexpected keyword_end
app/views/posts/new.html.erb:17: syntax error, unexpected keyword_ensure, expecting ')'
app/views/posts/new.html.erb:19: syntax error, unexpected keyword_end, expecting ')'
Started GET "/posts/new" for ::1 at 2019-07-08 00:22:29 +0200
Processing by PostsController#new as HTML
  Rendering posts/new.html.erb within layouts/application
  Rendered posts/new.html.erb within layouts/application (23.5ms)
Completed 200 OK in 47ms (Views: 45.6ms | ActiveRecord: 0.0ms)


Started GET "/posts/new" for ::1 at 2019-07-08 00:24:21 +0200
Processing by PostsController#new as HTML
  Rendering posts/new.html.erb within layouts/application
  Rendered posts/new.html.erb within layouts/application (1.2ms)
Completed 200 OK in 34ms (Views: 32.6ms | ActiveRecord: 0.0ms)


Started POST "/posts" for ::1 at 2019-07-08 00:24:25 +0200
Processing by PostsController#create as HTML
  Parameters: {"utf8"=>"✓", "authenticity_token"=>"UpStVHQ/syDHKIsjsFC26KRRcwJImZya2Rw/TrQccSg8hCjobW09SRjgT3eiQCks3MuORyWVHyB28CsOj3INiQ==", "post"=>{"tittle"=>"test", "body"=>"123"}, "commit"=>"Save Post"}
  Rendering text template
  Rendered text template (0.0ms)
Completed 200 OK in 2ms (Views: 1.0ms | ActiveRecord: 0.0ms)


  [1m[35m (0.1ms)[0m  [1m[34mSELECT sqlite_version(*)[0m
  ↳ /usr/local/bin/rake:23
  [1m[35m (19.9ms)[0m  [1m[35mCREATE TABLE "schema_migrations" ("version" varchar NOT NULL PRIMARY KEY)[0m
  ↳ /usr/local/bin/rake:23
  [1m[35m (25.8ms)[0m  [1m[35mCREATE TABLE "ar_internal_metadata" ("key" varchar NOT NULL PRIMARY KEY, "value" varchar, "created_at" datetime NOT NULL, "updated_at" datetime NOT NULL)[0m
  ↳ /usr/local/bin/rake:23
  [1m[35m (0.1ms)[0m  [1m[34mSELECT "schema_migrations"."version" FROM "schema_migrations" ORDER BY "schema_migrations"."version" ASC[0m
  ↳ /usr/local/bin/rake:23
Migrating to CreatePosts (20190707222708)
  [1m[35m (0.1ms)[0m  [1m[36mbegin transaction[0m
  ↳ /usr/local/bin/rake:23
  [1m[35m (1.1ms)[0m  [1m[35mCREATE TABLE "posts" ("id" integer PRIMARY KEY AUTOINCREMENT NOT NULL, "title" varchar, "body" text, "created_at" datetime NOT NULL, "updated_at" datetime NOT NULL)[0m
  ↳ db/migrate/20190707222708_create_posts.rb:3
  [1m[36mActiveRecord::SchemaMigration Create (0.2ms)[0m  [1m[32mINSERT INTO "schema_migrations" ("version") VALUES (?)[0m  [["version", "20190707222708"]]
  ↳ /usr/local/bin/rake:23
  [1m[35m (9.9ms)[0m  [1m[36mcommit transaction[0m
  ↳ /usr/local/bin/rake:23
  [1m[36mActiveRecord::InternalMetadata Load (0.2ms)[0m  [1m[34mSELECT  "ar_internal_metadata".* FROM "ar_internal_metadata" WHERE "ar_internal_metadata"."key" = ? LIMIT ?[0m  [["key", "environment"], ["LIMIT", 1]]
  ↳ /usr/local/bin/rake:23
  [1m[35m (0.1ms)[0m  [1m[36mbegin transaction[0m
  ↳ /usr/local/bin/rake:23
  [1m[36mActiveRecord::InternalMetadata Create (2.1ms)[0m  [1m[32mINSERT INTO "ar_internal_metadata" ("key", "value", "created_at", "updated_at") VALUES (?, ?, ?, ?)[0m  [["key", "environment"], ["value", "development"], ["created_at", "2019-07-07 22:28:24.439705"], ["updated_at", "2019-07-07 22:28:24.439705"]]
  ↳ /usr/local/bin/rake:23
  [1m[35m (30.6ms)[0m  [1m[36mcommit transaction[0m
  ↳ /usr/local/bin/rake:23
  [1m[35m (0.2ms)[0m  [1m[34mSELECT "schema_migrations"."version" FROM "schema_migrations" ORDER BY "schema_migrations"."version" ASC[0m
  ↳ /usr/local/bin/rake:23
Started GET "/posts/new" for ::1 at 2019-07-08 00:29:22 +0200
  [1m[35m (0.2ms)[0m  [1m[34mSELECT "schema_migrations"."version" FROM "schema_migrations" ORDER BY "schema_migrations"."version" ASC[0m
  ↳ /var/lib/gems/2.5.0/gems/activerecord-5.2.3/lib/active_record/log_subscriber.rb:98
Processing by PostsController#new as HTML
  Rendering posts/new.html.erb within layouts/application
  Rendered posts/new.html.erb within layouts/application (1.4ms)
Completed 200 OK in 22ms (Views: 21.1ms | ActiveRecord: 0.0ms)


Started POST "/posts" for ::1 at 2019-07-08 00:29:26 +0200
Processing by PostsController#create as HTML
  Parameters: {"utf8"=>"✓", "authenticity_token"=>"AaozIojI4xnue2BTzhOzxFnim15gpTr+X3d3Lq+MMUxvuraekZptcDGzpAfcAywAIXhmGw2puUTwm2NulOJN7Q==", "post"=>{"tittle"=>"test", "body"=>"rtu"}, "commit"=>"Save Post"}
Completed 500 Internal Server Error in 12ms (ActiveRecord: 1.3ms)


  
ActiveModel::ForbiddenAttributesError (ActiveModel::ForbiddenAttributesError):
  
app/controllers/posts_controller.rb:12:in `create'
Started GET "/posts/new" for ::1 at 2019-07-08 00:33:04 +0200
Processing by PostsController#new as HTML
  Rendering posts/new.html.erb within layouts/application
  Rendered posts/new.html.erb within layouts/application (1.3ms)
Completed 200 OK in 24ms (Views: 21.5ms | ActiveRecord: 0.0ms)


Started POST "/posts" for ::1 at 2019-07-08 00:33:07 +0200
Processing by PostsController#create as HTML
  Parameters: {"utf8"=>"✓", "authenticity_token"=>"If9GZ8t62H6gznhCikhuOk3voh/XiIicsiTtrw1dqbZP78Pb0ihWF38GvBaYWPH+NXVfWrqECyYdyPnvNjPVFw==", "post"=>{"tittle"=>"test", "body"=>"erqwer"}, "commit"=>"Save Post"}
Unpermitted parameter: :tittle
  [1m[35m (0.1ms)[0m  [1m[36mbegin transaction[0m
  ↳ app/controllers/posts_controller.rb:18
  [1m[36mPost Create (1.2ms)[0m  [1m[32mINSERT INTO "posts" ("body", "created_at", "updated_at") VALUES (?, ?, ?)[0m  [["body", "erqwer"], ["created_at", "2019-07-07 22:33:07.559555"], ["updated_at", "2019-07-07 22:33:07.559555"]]
  ↳ app/controllers/posts_controller.rb:18
  [1m[35m (27.4ms)[0m  [1m[36mcommit transaction[0m
  ↳ app/controllers/posts_controller.rb:18
Redirected to 
Completed 500 Internal Server Error in 263ms (ActiveRecord: 29.7ms)


  
NoMethodError (undefined method `post_url' for #<PostsController:0x00007f72590f8a20>
Did you mean?  posts_url):
  
app/controllers/posts_controller.rb:19:in `create'
Started POST "/__web_console/repl_sessions/d9b5dcd8856ad81fd97dd274f2e2183e/trace" for ::1 at 2019-07-08 00:34:22 +0200
Started GET "/posts/new" for ::1 at 2019-07-08 00:36:58 +0200
Processing by PostsController#new as HTML
  Rendering posts/new.html.erb within layouts/application
  Rendered posts/new.html.erb within layouts/application (2.4ms)
Completed 200 OK in 19ms (Views: 17.7ms | ActiveRecord: 0.0ms)


Started POST "/posts" for ::1 at 2019-07-08 00:37:01 +0200
Processing by PostsController#create as HTML
  Parameters: {"utf8"=>"✓", "authenticity_token"=>"uqDZL376VEtVNS+7NoWT9xP/HwAUC/9M4pJBc92ZiRPUsFyTZ6jaIor96+8klQwza2XiRXkHfPZNflUz5vf1sg==", "post"=>{"tittle"=>"455", "body"=>"4545"}, "commit"=>"Save Post"}
Unpermitted parameter: :tittle
  [1m[35m (0.1ms)[0m  [1m[36mbegin transaction[0m
  ↳ app/controllers/posts_controller.rb:17
  [1m[36mPost Create (0.4ms)[0m  [1m[32mINSERT INTO "posts" ("body", "created_at", "updated_at") VALUES (?, ?, ?)[0m  [["body", "4545"], ["created_at", "2019-07-07 22:37:01.218491"], ["updated_at", "2019-07-07 22:37:01.218491"]]
  ↳ app/controllers/posts_controller.rb:17
  [1m[35m (28.5ms)[0m  [1m[36mcommit transaction[0m
  ↳ app/controllers/posts_controller.rb:17
Redirected to 
Completed 500 Internal Server Error in 289ms (ActiveRecord: 30.4ms)


  
NoMethodError (undefined method `post_url' for #<PostsController:0x00007f724c04c1d8>
Did you mean?  posts_url):
  
app/controllers/posts_controller.rb:18:in `create'
Started GET "/posts/new" for ::1 at 2019-07-08 00:38:26 +0200
Processing by PostsController#new as HTML
  Rendering posts/new.html.erb within layouts/application
  Rendered posts/new.html.erb within layouts/application (2.6ms)
Completed 200 OK in 34ms (Views: 31.6ms | ActiveRecord: 0.0ms)


Started POST "/posts" for ::1 at 2019-07-08 00:38:28 +0200
Processing by PostsController#create as HTML
  Parameters: {"utf8"=>"✓", "authenticity_token"=>"lRvfY7VAOs/W/UKvtl/1QuZ6FGm0c0fRsnjQTLlimm/7C1rfrBK0pgk1hvukT2qGnuDpLNl/xGsdlMQMggzmzg==", "post"=>{"tittle"=>"sds", "body"=>"ddd"}, "commit"=>"Save Post"}
Unpermitted parameter: :tittle
  [1m[35m (0.1ms)[0m  [1m[36mbegin transaction[0m
  ↳ app/controllers/posts_controller.rb:17
  [1m[36mPost Create (0.4ms)[0m  [1m[32mINSERT INTO "posts" ("body", "created_at", "updated_at") VALUES (?, ?, ?)[0m  [["body", "ddd"], ["created_at", "2019-07-07 22:38:28.818147"], ["updated_at", "2019-07-07 22:38:28.818147"]]
  ↳ app/controllers/posts_controller.rb:17
  [1m[35m (17.4ms)[0m  [1m[36mcommit transaction[0m
  ↳ app/controllers/posts_controller.rb:17
Completed 500 Internal Server Error in 279ms (ActiveRecord: 18.4ms)


  
NameError (undefined local variable or method `current_user' for #<PostsController:0x00007f7258c61b60>):
  
app/controllers/posts_controller.rb:18:in `create'
Started GET "/posts/new" for ::1 at 2019-07-08 00:39:08 +0200
Processing by PostsController#new as HTML
  Rendering posts/new.html.erb within layouts/application
  Rendered posts/new.html.erb within layouts/application (1.3ms)
Completed 200 OK in 23ms (Views: 20.8ms | ActiveRecord: 0.0ms)


Started POST "/posts" for ::1 at 2019-07-08 00:39:10 +0200
Processing by PostsController#create as HTML
  Parameters: {"utf8"=>"✓", "authenticity_token"=>"PnU4bGpDYj+LXUUzJA+GMEenzpOgJdQagAl0KX/65w5QZb3QcxHsVlSVgWc2Hxn0Pz0z1s0pV6Av5WBpRJSbrw==", "post"=>{"tittle"=>"222", "body"=>"2222"}, "commit"=>"Save Post"}
Unpermitted parameter: :tittle
  [1m[35m (0.1ms)[0m  [1m[36mbegin transaction[0m
  ↳ app/controllers/posts_controller.rb:17
  [1m[36mPost Create (1.2ms)[0m  [1m[32mINSERT INTO "posts" ("body", "created_at", "updated_at") VALUES (?, ?, ?)[0m  [["body", "2222"], ["created_at", "2019-07-07 22:39:10.793275"], ["updated_at", "2019-07-07 22:39:10.793275"]]
  ↳ app/controllers/posts_controller.rb:17
  [1m[35m (8.4ms)[0m  [1m[36mcommit transaction[0m
  ↳ app/controllers/posts_controller.rb:17
Completed 500 Internal Server Error in 216ms (ActiveRecord: 10.6ms)


  
NameError (undefined local variable or method `jupcan' for #<PostsController:0x00007f7260027748>):
  
app/controllers/posts_controller.rb:18:in `create'
Started GET "/posts/new" for ::1 at 2019-07-08 00:39:29 +0200
Processing by PostsController#new as HTML
  Rendering posts/new.html.erb within layouts/application
  Rendered posts/new.html.erb within layouts/application (1.2ms)
Completed 200 OK in 21ms (Views: 20.3ms | ActiveRecord: 0.0ms)


Started POST "/posts" for ::1 at 2019-07-08 00:39:32 +0200
Processing by PostsController#create as HTML
  Parameters: {"utf8"=>"✓", "authenticity_token"=>"f7N6a8dSHf8kNUKnGxUx2EvpybUWGdTtx7blx3bgoeQRo//X3gCTlvv9hvMJBa4cM3M08HsVV1doWvGHTY7dRQ==", "post"=>{"tittle"=>"test", "body"=>"wdad"}, "commit"=>"Save Post"}
Unpermitted parameter: :tittle
  [1m[35m (0.1ms)[0m  [1m[36mbegin transaction[0m
  ↳ app/controllers/posts_controller.rb:17
  [1m[36mPost Create (0.8ms)[0m  [1m[32mINSERT INTO "posts" ("body", "created_at", "updated_at") VALUES (?, ?, ?)[0m  [["body", "wdad"], ["created_at", "2019-07-07 22:39:32.476811"], ["updated_at", "2019-07-07 22:39:32.476811"]]
  ↳ app/controllers/posts_controller.rb:17
  [1m[35m (32.5ms)[0m  [1m[36mcommit transaction[0m
  ↳ app/controllers/posts_controller.rb:17
Completed 500 Internal Server Error in 237ms (ActiveRecord: 35.2ms)


  
NameError (undefined local variable or method `current_user' for #<PostsController:0x00007f725a069158>):
  
app/controllers/posts_controller.rb:18:in `create'
Started GET "/posts/new" for ::1 at 2019-07-08 00:39:59 +0200
Processing by PostsController#new as HTML
  Rendering posts/new.html.erb within layouts/application
  Rendered posts/new.html.erb within layouts/application (2.5ms)
Completed 200 OK in 38ms (Views: 36.8ms | ActiveRecord: 0.0ms)


Started POST "/posts" for ::1 at 2019-07-08 00:40:02 +0200
Processing by PostsController#create as HTML
  Parameters: {"utf8"=>"✓", "authenticity_token"=>"ednj5CiDq7CcGqtCdOnEy8Qeol+oJie8F+pOLIUfVT0XyWZYMdEl2UPSbxZm+VsPvIRfGsUqpAa4BlpsvnEpnA==", "post"=>{"tittle"=>"test", "body"=>"wwds"}, "commit"=>"Save Post"}
Unpermitted parameter: :tittle
  [1m[35m (0.1ms)[0m  [1m[36mbegin transaction[0m
  ↳ app/controllers/posts_controller.rb:17
  [1m[36mPost Create (0.5ms)[0m  [1m[32mINSERT INTO "posts" ("body", "created_at", "updated_at") VALUES (?, ?, ?)[0m  [["body", "wwds"], ["created_at", "2019-07-07 22:40:02.230346"], ["updated_at", "2019-07-07 22:40:02.230346"]]
  ↳ app/controllers/posts_controller.rb:17
  [1m[35m (21.8ms)[0m  [1m[36mcommit transaction[0m
  ↳ app/controllers/posts_controller.rb:17
Redirected to 
Completed 500 Internal Server Error in 224ms (ActiveRecord: 23.3ms)


  
NoMethodError (undefined method `post_url' for #<PostsController:0x00007f72505e0848>
Did you mean?  posts_url):
  
app/controllers/posts_controller.rb:18:in `create'
Started POST "/posts" for ::1 at 2019-07-08 00:41:45 +0200
Processing by PostsController#create as HTML
  Parameters: {"utf8"=>"✓", "authenticity_token"=>"ednj5CiDq7CcGqtCdOnEy8Qeol+oJie8F+pOLIUfVT0XyWZYMdEl2UPSbxZm+VsPvIRfGsUqpAa4BlpsvnEpnA==", "post"=>{"tittle"=>"test", "body"=>"wwds"}, "commit"=>"Save Post"}
Unpermitted parameter: :tittle
  [1m[35m (0.0ms)[0m  [1m[36mbegin transaction[0m
  ↳ app/controllers/posts_controller.rb:17
  [1m[36mPost Create (0.3ms)[0m  [1m[32mINSERT INTO "posts" ("body", "created_at", "updated_at") VALUES (?, ?, ?)[0m  [["body", "wwds"], ["created_at", "2019-07-07 22:41:45.643046"], ["updated_at", "2019-07-07 22:41:45.643046"]]
  ↳ app/controllers/posts_controller.rb:17
  [1m[35m (21.1ms)[0m  [1m[36mcommit transaction[0m
  ↳ app/controllers/posts_controller.rb:17
Redirected to http://localhost:3000/posts/7
Completed 302 Found in 37ms (ActiveRecord: 22.0ms)


Started GET "/posts/7" for ::1 at 2019-07-08 00:41:45 +0200
Processing by PostsController#show as HTML
  Parameters: {"id"=>"7"}
  [1m[36mPost Load (0.7ms)[0m  [1m[34mSELECT  "posts".* FROM "posts" WHERE "posts"."id" = ? LIMIT ?[0m  [["id", 7], ["LIMIT", 1]]
  ↳ app/controllers/posts_controller.rb:7
  Rendering posts/show.html.erb within layouts/application
  Rendered posts/show.html.erb within layouts/application (0.6ms)
Completed 200 OK in 50ms (Views: 39.8ms | ActiveRecord: 0.7ms)


Started POST "/posts" for ::1 at 2019-07-08 00:41:51 +0200
Processing by PostsController#create as HTML
  Parameters: {"utf8"=>"✓", "authenticity_token"=>"ednj5CiDq7CcGqtCdOnEy8Qeol+oJie8F+pOLIUfVT0XyWZYMdEl2UPSbxZm+VsPvIRfGsUqpAa4BlpsvnEpnA==", "post"=>{"tittle"=>"5647rty", "body"=>"wwds"}, "commit"=>"Save Post"}
Unpermitted parameter: :tittle
  [1m[35m (0.1ms)[0m  [1m[36mbegin transaction[0m
  ↳ app/controllers/posts_controller.rb:17
  [1m[36mPost Create (0.5ms)[0m  [1m[32mINSERT INTO "posts" ("body", "created_at", "updated_at") VALUES (?, ?, ?)[0m  [["body", "wwds"], ["created_at", "2019-07-07 22:41:51.493101"], ["updated_at", "2019-07-07 22:41:51.493101"]]
  ↳ app/controllers/posts_controller.rb:17
  [1m[35m (31.1ms)[0m  [1m[36mcommit transaction[0m
  ↳ app/controllers/posts_controller.rb:17
Redirected to http://localhost:3000/posts/8
Completed 302 Found in 40ms (ActiveRecord: 31.6ms)


Started GET "/posts/8" for ::1 at 2019-07-08 00:41:51 +0200
Processing by PostsController#show as HTML
  Parameters: {"id"=>"8"}
  [1m[36mPost Load (0.2ms)[0m  [1m[34mSELECT  "posts".* FROM "posts" WHERE "posts"."id" = ? LIMIT ?[0m  [["id", 8], ["LIMIT", 1]]
  ↳ app/controllers/posts_controller.rb:7
  Rendering posts/show.html.erb within layouts/application
  Rendered posts/show.html.erb within layouts/application (0.6ms)
Completed 200 OK in 38ms (Views: 34.1ms | ActiveRecord: 0.2ms)


Started GET "/posts/new" for ::1 at 2019-07-08 00:42:05 +0200
Processing by PostsController#new as HTML
  Rendering posts/new.html.erb within layouts/application
  Rendered posts/new.html.erb within layouts/application (1.2ms)
Completed 200 OK in 24ms (Views: 22.8ms | ActiveRecord: 0.0ms)


Started POST "/posts" for ::1 at 2019-07-08 00:42:13 +0200
Processing by PostsController#create as HTML
  Parameters: {"utf8"=>"✓", "authenticity_token"=>"TYWZHvltKRt2wTpsEpmKGtEWzO1WHYVGK6lQTuGxOHcjlRyi4D+ncqkJ/jgAiRXeqYwxqDsRBvyERUQO2t9E1g==", "post"=>{"tittle"=>"test44", "body"=>"hola me llamo juan"}, "commit"=>"Save Post"}
Unpermitted parameter: :tittle
  [1m[35m (0.1ms)[0m  [1m[36mbegin transaction[0m
  ↳ app/controllers/posts_controller.rb:17
  [1m[36mPost Create (1.1ms)[0m  [1m[32mINSERT INTO "posts" ("body", "created_at", "updated_at") VALUES (?, ?, ?)[0m  [["body", "hola me llamo juan"], ["created_at", "2019-07-07 22:42:13.503086"], ["updated_at", "2019-07-07 22:42:13.503086"]]
  ↳ app/controllers/posts_controller.rb:17
  [1m[35m (29.8ms)[0m  [1m[36mcommit transaction[0m
  ↳ app/controllers/posts_controller.rb:17
Redirected to http://localhost:3000/posts/9
Completed 302 Found in 35ms (ActiveRecord: 30.9ms)


Started GET "/posts/9" for ::1 at 2019-07-08 00:42:13 +0200
Processing by PostsController#show as HTML
  Parameters: {"id"=>"9"}
  [1m[36mPost Load (0.2ms)[0m  [1m[34mSELECT  "posts".* FROM "posts" WHERE "posts"."id" = ? LIMIT ?[0m  [["id", 9], ["LIMIT", 1]]
  ↳ app/controllers/posts_controller.rb:7
  Rendering posts/show.html.erb within layouts/application
  Rendered posts/show.html.erb within layouts/application (0.5ms)
Completed 200 OK in 29ms (Views: 26.5ms | ActiveRecord: 0.2ms)


Started GET "/posts/new" for ::1 at 2019-07-08 00:43:18 +0200
Processing by PostsController#new as HTML
  Rendering posts/new.html.erb within layouts/application
  Rendered posts/new.html.erb within layouts/application (1.3ms)
Completed 200 OK in 30ms (Views: 29.1ms | ActiveRecord: 0.0ms)


Started POST "/posts" for ::1 at 2019-07-08 00:43:21 +0200
Processing by PostsController#create as HTML
  Parameters: {"utf8"=>"✓", "authenticity_token"=>"w1Np6sFVhvPyXr72Gj7SD98I6U3rJONhAV41sukJzf2tQ+xW2AcImi2WeqIILk3Lp5IUCIYoYNuusiHy0mexXA==", "post"=>{"tittle"=>"test", "body"=>"werwerwe"}, "commit"=>"Save Post"}
Unpermitted parameter: :tittle
  [1m[35m (0.1ms)[0m  [1m[36mbegin transaction[0m
  ↳ app/controllers/posts_controller.rb:17
  [1m[36mPost Create (0.7ms)[0m  [1m[32mINSERT INTO "posts" ("body", "created_at", "updated_at") VALUES (?, ?, ?)[0m  [["body", "werwerwe"], ["created_at", "2019-07-07 22:43:21.411566"], ["updated_at", "2019-07-07 22:43:21.411566"]]
  ↳ app/controllers/posts_controller.rb:17
  [1m[35m (43.6ms)[0m  [1m[36mcommit transaction[0m
  ↳ app/controllers/posts_controller.rb:17
Redirected to http://localhost:3000/posts/10
Completed 302 Found in 50ms (ActiveRecord: 44.4ms)


Started GET "/posts/10" for ::1 at 2019-07-08 00:43:21 +0200
Processing by PostsController#show as HTML
  Parameters: {"id"=>"10"}
  [1m[36mPost Load (0.4ms)[0m  [1m[34mSELECT  "posts".* FROM "posts" WHERE "posts"."id" = ? LIMIT ?[0m  [["id", 10], ["LIMIT", 1]]
  ↳ app/controllers/posts_controller.rb:7
  Rendering posts/show.html.erb within layouts/application
  Rendered posts/show.html.erb within layouts/application (0.7ms)
Completed 200 OK in 37ms (Views: 33.9ms | ActiveRecord: 0.4ms)


Started GET "/posts/new" for ::1 at 2019-07-08 00:43:23 +0200
Processing by PostsController#new as HTML
  Rendering posts/new.html.erb within layouts/application
  Rendered posts/new.html.erb within layouts/application (2.1ms)
Completed 200 OK in 25ms (Views: 23.8ms | ActiveRecord: 0.0ms)


Started GET "/posts/new" for ::1 at 2019-07-08 00:43:53 +0200
Processing by PostsController#new as HTML
  Rendering posts/new.html.erb within layouts/application
  Rendered posts/new.html.erb within layouts/application (2.3ms)
Completed 200 OK in 23ms (Views: 21.9ms | ActiveRecord: 0.0ms)


Started POST "/posts" for ::1 at 2019-07-08 00:43:57 +0200
Processing by PostsController#create as HTML
  Parameters: {"utf8"=>"✓", "authenticity_token"=>"SnxBADfT5hrrmxevlEpMC7BgWzmpmWotvdPHEnckEskkbMS8LoFoczRT0/uGWtPPyPqmfMSV6ZcSP9NSTEpuaA==", "post"=>{"title"=>"tets", "body"=>"sdfsadf"}, "commit"=>"Save Post"}
  [1m[35m (0.1ms)[0m  [1m[36mbegin transaction[0m
  ↳ app/controllers/posts_controller.rb:17
  [1m[36mPost Create (0.4ms)[0m  [1m[32mINSERT INTO "posts" ("title", "body", "created_at", "updated_at") VALUES (?, ?, ?, ?)[0m  [["title", "tets"], ["body", "sdfsadf"], ["created_at", "2019-07-07 22:43:57.384149"], ["updated_at", "2019-07-07 22:43:57.384149"]]
  ↳ app/controllers/posts_controller.rb:17
  [1m[35m (35.8ms)[0m  [1m[36mcommit transaction[0m
  ↳ app/controllers/posts_controller.rb:17
Redirected to http://localhost:3000/posts/11
Completed 302 Found in 42ms (ActiveRecord: 36.2ms)


Started GET "/posts/11" for ::1 at 2019-07-08 00:43:57 +0200
Processing by PostsController#show as HTML
  Parameters: {"id"=>"11"}
  [1m[36mPost Load (0.2ms)[0m  [1m[34mSELECT  "posts".* FROM "posts" WHERE "posts"."id" = ? LIMIT ?[0m  [["id", 11], ["LIMIT", 1]]
  ↳ app/controllers/posts_controller.rb:7
  Rendering posts/show.html.erb within layouts/application
  Rendered posts/show.html.erb within layouts/application (0.9ms)
Completed 200 OK in 47ms (Views: 45.2ms | ActiveRecord: 0.2ms)


Started POST "/posts" for ::1 at 2019-07-08 00:44:16 +0200
Processing by PostsController#create as HTML
  Parameters: {"utf8"=>"✓", "authenticity_token"=>"SnxBADfT5hrrmxevlEpMC7BgWzmpmWotvdPHEnckEskkbMS8LoFoczRT0/uGWtPPyPqmfMSV6ZcSP9NSTEpuaA==", "post"=>{"title"=>"tets", "body"=>"sdfsadf"}, "commit"=>"Save Post"}
  [1m[35m (0.1ms)[0m  [1m[36mbegin transaction[0m
  ↳ app/controllers/posts_controller.rb:17
  [1m[36mPost Create (6.1ms)[0m  [1m[32mINSERT INTO "posts" ("title", "body", "created_at", "updated_at") VALUES (?, ?, ?, ?)[0m  [["title", "tets"], ["body", "sdfsadf"], ["created_at", "2019-07-07 22:44:16.189782"], ["updated_at", "2019-07-07 22:44:16.189782"]]
  ↳ app/controllers/posts_controller.rb:17
  [1m[35m (11.4ms)[0m  [1m[36mcommit transaction[0m
  ↳ app/controllers/posts_controller.rb:17
Redirected to http://localhost:3000/posts/12
Completed 302 Found in 30ms (ActiveRecord: 17.6ms)


Started GET "/posts/12" for ::1 at 2019-07-08 00:44:16 +0200
Processing by PostsController#show as HTML
  Parameters: {"id"=>"12"}
  [1m[36mPost Load (0.2ms)[0m  [1m[34mSELECT  "posts".* FROM "posts" WHERE "posts"."id" = ? LIMIT ?[0m  [["id", 12], ["LIMIT", 1]]
  ↳ app/controllers/posts_controller.rb:7
  Rendering posts/show.html.erb within layouts/application
  Rendered posts/show.html.erb within layouts/application (0.6ms)
Completed 200 OK in 31ms (Views: 27.0ms | ActiveRecord: 0.2ms)


Started GET "/" for ::1 at 2019-07-08 00:46:23 +0200
Processing by PostsController#index as HTML
  Rendering posts/index.html.erb within layouts/application
  [1m[36mPost Load (0.5ms)[0m  [1m[34mSELECT "posts".* FROM "posts"[0m
  ↳ app/views/posts/index.html.erb:2
  Rendered posts/index.html.erb within layouts/application (14.6ms)
Completed 500 Internal Server Error in 22ms (ActiveRecord: 1.0ms)


  
ActionView::Template::Error (undefined method `title' for #<Post::ActiveRecord_Relation:0x00007f725a13a488>):
    1: <h1>blog posts</h1>
    2: <%=@post.each do |k|%>
    3: <h3><%=@post.title%></h3>
    4: <p><%=@post.body%></p>
    5: <%end%>
  
app/views/posts/index.html.erb:3:in `block in _app_views_posts_index_html_erb__584448754891370022_70064557114900'
app/views/posts/index.html.erb:2:in `_app_views_posts_index_html_erb__584448754891370022_70064557114900'
Started GET "/" for ::1 at 2019-07-08 00:46:45 +0200
Processing by PostsController#index as HTML
  Rendering posts/index.html.erb within layouts/application
  [1m[36mPost Load (0.1ms)[0m  [1m[34mSELECT "posts".* FROM "posts"[0m
  ↳ app/views/posts/index.html.erb:2
  Rendered posts/index.html.erb within layouts/application (7.9ms)
Completed 500 Internal Server Error in 10ms (ActiveRecord: 0.1ms)


  
ActionView::Template::Error (undefined method `title' for #<Post::ActiveRecord_Relation:0x00007f72593eeb58>):
    1: <h1>blog posts</h1>
    2: <%=@post.each do |k|%>
    3: <h3><%=@post.title%></h3>
    4: <p><%=@post.body%></p>
    5: <%end%>
  
app/views/posts/index.html.erb:3:in `block in _app_views_posts_index_html_erb__584448754891370022_70064550125360'
app/views/posts/index.html.erb:2:in `_app_views_posts_index_html_erb__584448754891370022_70064550125360'
Started GET "/" for ::1 at 2019-07-08 00:46:59 +0200
Processing by PostsController#index as HTML
  Rendering posts/index.html.erb within layouts/application
  [1m[36mPost Load (0.2ms)[0m  [1m[34mSELECT "posts".* FROM "posts"[0m
  ↳ app/views/posts/index.html.erb:2
  Rendered posts/index.html.erb within layouts/application (8.7ms)
Completed 500 Internal Server Error in 14ms (ActiveRecord: 0.2ms)


  
ActionView::Template::Error (undefined method `body' for #<Post::ActiveRecord_Relation:0x00007f726023b2c8>):
    1: <h1>blog posts</h1>
    2: <%=@post.each do |k|%>
    3: 
    4: <p><%=@post.body%></p>
    5: <%end%>
  
app/views/posts/index.html.erb:4:in `block in _app_views_posts_index_html_erb__584448754891370022_70064607973440'
app/views/posts/index.html.erb:2:in `_app_views_posts_index_html_erb__584448754891370022_70064607973440'
Started GET "/" for ::1 at 2019-07-08 00:47:23 +0200
Processing by PostsController#index as HTML
  Rendering posts/index.html.erb within layouts/application
  Rendered posts/index.html.erb within layouts/application (2.7ms)
Completed 500 Internal Server Error in 7ms (ActiveRecord: 0.0ms)


  
ActionView::Template::Error (undefined method `each' for nil:NilClass):
    1: <h1>blog posts</h1>
    2: <%=@posts.each do |k|%>
    3: <h3><%=@post.title%></h3>
    4: <p><%=@post.body%></p>
    5: <%end%>
  
app/views/posts/index.html.erb:2:in `_app_views_posts_index_html_erb__584448754891370022_70064546680740'
Started GET "/" for ::1 at 2019-07-08 00:47:41 +0200
Processing by PostsController#index as HTML
  Rendering posts/index.html.erb within layouts/application
  Rendered posts/index.html.erb within layouts/application (3.3ms)
Completed 500 Internal Server Error in 7ms (ActiveRecord: 0.0ms)


  
ActionView::Template::Error (undefined method `each' for nil:NilClass):
    1: <h1>blog posts</h1>
    2: <%@posts.each do |k|%>
    3: <h3><%=@post.title%></h3>
    4: <p><%=@post.body%></p>
    5: <%end%>
  
app/views/posts/index.html.erb:2:in `_app_views_posts_index_html_erb__584448754891370022_70064371941800'
Started GET "/" for ::1 at 2019-07-08 00:47:43 +0200
Processing by PostsController#index as HTML
  Rendering posts/index.html.erb within layouts/application
  Rendered posts/index.html.erb within layouts/application (3.7ms)
Completed 500 Internal Server Error in 6ms (ActiveRecord: 0.0ms)


  
ActionView::Template::Error (undefined method `each' for nil:NilClass):
    1: <h1>blog posts</h1>
    2: <%@posts.each do |k|%>
    3: <h3><%=@post.title%></h3>
    4: <p><%=@post.body%></p>
    5: <%end%>
  
app/views/posts/index.html.erb:2:in `_app_views_posts_index_html_erb__584448754891370022_70064539893200'
Started GET "/" for ::1 at 2019-07-08 00:47:59 +0200
Processing by PostsController#index as HTML
  Rendering posts/index.html.erb within layouts/application
  Rendered posts/index.html.erb within layouts/application (3.3ms)
Completed 500 Internal Server Error in 8ms (ActiveRecord: 0.0ms)


  
ActionView::Template::Error (undefined method `each' for nil:NilClass):
    1: <h1>blog posts</h1>
    2: <%@posts.each do |k|%>
    3: <h3><%=@k.title%></h3>
    4: <p><%=@k.body%></p>
    5: <%end%>
  
app/views/posts/index.html.erb:2:in `_app_views_posts_index_html_erb__584448754891370022_70064439973820'
Started GET "/" for ::1 at 2019-07-08 00:48:01 +0200
Processing by PostsController#index as HTML
  Rendering posts/index.html.erb within layouts/application
  Rendered posts/index.html.erb within layouts/application (4.0ms)
Completed 500 Internal Server Error in 7ms (ActiveRecord: 0.0ms)


  
ActionView::Template::Error (undefined method `each' for nil:NilClass):
    1: <h1>blog posts</h1>
    2: <%@posts.each do |k|%>
    3: <h3><%=@k.title%></h3>
    4: <p><%=@k.body%></p>
    5: <%end%>
  
app/views/posts/index.html.erb:2:in `_app_views_posts_index_html_erb__584448754891370022_70064475729060'
Started GET "/" for ::1 at 2019-07-08 00:48:33 +0200
Processing by PostsController#index as HTML
  Rendering posts/index.html.erb within layouts/application
  Rendered posts/index.html.erb within layouts/application (4.0ms)
Completed 500 Internal Server Error in 7ms (ActiveRecord: 0.0ms)


  
ActionView::Template::Error (undefined method `each' for nil:NilClass):
    1: <h1>blog posts</h1>
    2: <%@posts.each do |k|%>
    3: <h3><%=k.title%></h3>
    4: <p><%=k.body%></p>
    5: <%end%>
  
app/views/posts/index.html.erb:2:in `_app_views_posts_index_html_erb__584448754891370022_70064439179260'
Started GET "/" for ::1 at 2019-07-08 00:48:35 +0200
Processing by PostsController#index as HTML
  Rendering posts/index.html.erb within layouts/application
  Rendered posts/index.html.erb within layouts/application (2.9ms)
Completed 500 Internal Server Error in 5ms (ActiveRecord: 0.0ms)


  
ActionView::Template::Error (undefined method `each' for nil:NilClass):
    1: <h1>blog posts</h1>
    2: <%@posts.each do |k|%>
    3: <h3><%=k.title%></h3>
    4: <p><%=k.body%></p>
    5: <%end%>
  
app/views/posts/index.html.erb:2:in `_app_views_posts_index_html_erb__584448754891370022_70064475036900'
Started GET "/" for ::1 at 2019-07-08 00:49:09 +0200
Processing by PostsController#index as HTML
  Rendering posts/index.html.erb within layouts/application
  [1m[36mPost Load (0.9ms)[0m  [1m[34mSELECT "posts".* FROM "posts"[0m
  ↳ app/views/posts/index.html.erb:2
  Rendered posts/index.html.erb within layouts/application (13.5ms)
Completed 200 OK in 54ms (Views: 46.4ms | ActiveRecord: 2.4ms)


